INFO: [VRFC 10-163] Analyzing VHDL file "F:/Facultate/An III/sem2/SSC/Microcontroler8051/Microcontroler8051.srcs/sources_1/new/AND_p.vhd" into library xil_defaultlib
INFO: [VRFC 10-307] analyzing entity AND_p
INFO: [VRFC 10-163] Analyzing VHDL file "F:/Facultate/An III/sem2/SSC/Microcontroler8051/Microcontroler8051.srcs/sources_1/new/NOT_p.vhd" into library xil_defaultlib
INFO: [VRFC 10-307] analyzing entity NOT_p
INFO: [VRFC 10-163] Analyzing VHDL file "F:/Facultate/An III/sem2/SSC/Microcontroler8051/Microcontroler8051.srcs/sources_1/new/NAND_p.vhd" into library xil_defaultlib
INFO: [VRFC 10-307] analyzing entity NAND_p
INFO: [VRFC 10-163] Analyzing VHDL file "F:/Facultate/An III/sem2/SSC/Microcontroler8051/Microcontroler8051.srcs/sources_1/new/NAND_p3.vhd" into library xil_defaultlib
INFO: [VRFC 10-307] analyzing entity NAND_p3
INFO: [VRFC 10-163] Analyzing VHDL file "F:/Facultate/An III/sem2/SSC/Microcontroler8051/Microcontroler8051.srcs/sources_1/new/Mux2_1.vhd" into library xil_defaultlib
INFO: [VRFC 10-307] analyzing entity Mux2_1
INFO: [VRFC 10-163] Analyzing VHDL file "F:/Facultate/An III/sem2/SSC/Microcontroler8051/Microcontroler8051.srcs/sources_1/new/OR_p.vhd" into library xil_defaultlib
INFO: [VRFC 10-307] analyzing entity OR_p
INFO: [VRFC 10-163] Analyzing VHDL file "F:/Facultate/An III/sem2/SSC/Microcontroler8051/Microcontroler8051.srcs/sources_1/new/XOR_p.vhd" into library xil_defaultlib
INFO: [VRFC 10-307] analyzing entity XOR_p
INFO: [VRFC 10-163] Analyzing VHDL file "F:/Facultate/An III/sem2/SSC/Microcontroler8051/Microcontroler8051.srcs/sources_1/new/FullAdder1.vhd" into library xil_defaultlib
INFO: [VRFC 10-307] analyzing entity FullAdder1
INFO: [VRFC 10-163] Analyzing VHDL file "F:/Facultate/An III/sem2/SSC/Microcontroler8051/Microcontroler8051.srcs/sources_1/new/mux4_1_1.vhd" into library xil_defaultlib
INFO: [VRFC 10-307] analyzing entity mux4_1_1
INFO: [VRFC 10-163] Analyzing VHDL file "F:/Facultate/An III/sem2/SSC/Microcontroler8051/Microcontroler8051.srcs/sources_1/new/mux8_1.vhd" into library xil_defaultlib
INFO: [VRFC 10-307] analyzing entity mux8_1
INFO: [VRFC 10-163] Analyzing VHDL file "F:/Facultate/An III/sem2/SSC/Microcontroler8051/Microcontroler8051.srcs/sources_1/new/ALU1b.vhd" into library xil_defaultlib
INFO: [VRFC 10-307] analyzing entity ALU1b
INFO: [VRFC 10-163] Analyzing VHDL file "F:/Facultate/An III/sem2/SSC/Microcontroler8051/Microcontroler8051.srcs/sources_1/new/ALU8bit.vhd" into library xil_defaultlib
INFO: [VRFC 10-307] analyzing entity ALU8bit
INFO: [VRFC 10-163] Analyzing VHDL file "F:/Facultate/An III/sem2/SSC/Microcontroler8051/Microcontroler8051.srcs/sim_1/new/ALU8bit_tb.vhd" into library xil_defaultlib
INFO: [VRFC 10-307] analyzing entity ALU8bit_tb
